2018-07-21 01:57:07:INFO:__main__:__init__:Splash class called
2018-07-21 01:57:07:INFO:__main__:__init__:elevation set to 142.000000 m
2018-07-21 01:57:07:INFO:__main__:__init__:latitude set to 37.700 degrees
2018-07-21 01:57:07:INFO:evap:__init__:EVAP class called
2018-07-21 01:57:07:INFO:evap:__init__:elevation set to 142.000000 m
2018-07-21 01:57:07:INFO:solar:__init__:Solar class called
2018-07-21 01:57:07:INFO:solar:__init__:elevation set to 142.000 m
2018-07-21 01:57:07:INFO:solar:__init__:latitude set to 37.700 degrees
2018-07-21 01:57:07:DEBUG:evap:__init__:initialized solar class
2018-07-21 01:57:07:DEBUG:__main__:__init__:initialized EVAP class
2018-07-21 01:57:07:DEBUG:__main__:run_one_day:daily precipitation: 5.000000 mm
2018-07-21 01:57:07:DEBUG:__main__:run_one_day:evaporative supply rate: 0.525000 mm/h
2018-07-21 01:57:07:DEBUG:solar:julian_day:calculating Julian day
2018-07-21 01:57:07:DEBUG:solar:julian_day:calculating Julian day
2018-07-21 01:57:07:INFO:solar:calculate_daily_fluxes:calculating daily radiation fluxes for day 172 of 366 for year 2000 with sunshine fraction 1.000000 and air temperature 23.000000 Celcius
2018-07-21 01:57:07:DEBUG:solar:berger_tls:calculating heliocentric longitudes for day 172
2018-07-21 01:57:07:DEBUG:root:dsin:calculating sine of 283.000000 degrees
2018-07-21 01:57:07:DEBUG:root:dsin:calculating sine of 566.000000 degrees
2018-07-21 01:57:07:DEBUG:root:dsin:calculating sine of 849.000000 degrees
2018-07-21 01:57:07:DEBUG:solar:berger_tls:mean longitude for vernal equinox set to -1.859309
2018-07-21 01:57:07:DEBUG:solar:berger_tls:mean longitude for day of year set to 88.632494
2018-07-21 01:57:07:DEBUG:solar:berger_tls:mean anomaly set to -3.392353
2018-07-21 01:57:07:DEBUG:solar:berger_tls:true longitude set to 89.097934
2018-07-21 01:57:07:DEBUG:solar:berger_tls:true anomaly set to 166.097934
2018-07-21 01:57:07:INFO:solar:calculate_daily_fluxes:true anomaly, nu, set to 166.097934 degrees
2018-07-21 01:57:07:INFO:solar:calculate_daily_fluxes:true lon, lambda, set to 89.097934 degrees
2018-07-21 01:57:07:DEBUG:root:dcos:calculating cosine of 166.097934 degrees
2018-07-21 01:57:07:INFO:solar:calculate_daily_fluxes:relative Earth-Sun distance, rho, set to 1.016194
2018-07-21 01:57:07:INFO:solar:calculate_daily_fluxes:distance factor, dr, set to 0.968381
2018-07-21 01:57:07:DEBUG:root:dsin:calculating sine of 89.097934 degrees
2018-07-21 01:57:07:DEBUG:root:dsin:calculating sine of 23.440000 degrees
2018-07-21 01:57:07:INFO:solar:calculate_daily_fluxes:declination, delta, set to 23.436921
2018-07-21 01:57:07:DEBUG:root:dsin:calculating sine of 23.436921 degrees
2018-07-21 01:57:07:DEBUG:root:dsin:calculating sine of 37.700000 degrees
2018-07-21 01:57:07:DEBUG:root:dcos:calculating cosine of 23.436921 degrees
2018-07-21 01:57:07:DEBUG:root:dcos:calculating cosine of 37.700000 degrees
2018-07-21 01:57:07:INFO:solar:calculate_daily_fluxes:variable substitute, ru, set to 0.243228
2018-07-21 01:57:07:INFO:solar:calculate_daily_fluxes:variable substitute, rv, set to 0.725946
2018-07-21 01:57:07:INFO:solar:calculate_daily_fluxes:sunset angle, hs, set to 109.575573
2018-07-21 01:57:07:DEBUG:root:dsin:calculating sine of 109.575573 degrees
2018-07-21 01:57:07:INFO:solar:calculate_daily_fluxes:daily ET radiation set to 41.646763 MJ/m^2
2018-07-21 01:57:07:INFO:solar:calculate_daily_fluxes:base transmitivity set to 0.750000
2018-07-21 01:57:07:INFO:solar:calculate_daily_fluxes:transmitivity set to 0.752844
2018-07-21 01:57:07:INFO:solar:calculate_daily_fluxes:daily PPFD set to 62.042300 mol/m^2
2018-07-21 01:57:07:INFO:solar:calculate_daily_fluxes:net longwave radiation set to 84.000000 W/m^2
2018-07-21 01:57:07:INFO:solar:calculate_daily_fluxes:variable substitute, rw, set to 823.423931
2018-07-21 01:57:07:INFO:solar:calculate_daily_fluxes:cross-over hour angle set to 101.217016
2018-07-21 01:57:07:DEBUG:root:dsin:calculating sine of 101.217016 degrees
2018-07-21 01:57:07:INFO:solar:calculate_daily_fluxes:daytime net radiation set to 21.774953 MJ/m^2
2018-07-21 01:57:07:DEBUG:root:dsin:calculating sine of 109.575573 degrees
2018-07-21 01:57:07:DEBUG:root:dsin:calculating sine of 101.217016 degrees
2018-07-21 01:57:07:INFO:solar:calculate_daily_fluxes:nighttime net radiation set to -3.009150 MJ/m^2
2018-07-21 01:57:07:INFO:evap:calculate_daily_fluxes:calculating daily evaporative fluxes for day 172 of 366 for year 2000 with sunshine fraction 1.000000, air temperature 23.000000 Celcius, and supply rate 0.525000
2018-07-21 01:57:07:DEBUG:evap:sat_slope:calculating temperature dependency at 23.000000 degrees
2018-07-21 01:57:07:INFO:evap:calculate_daily_fluxes:slope of saturation, s, set to 169.896093 Pa/K
2018-07-21 01:57:07:DEBUG:evap:enthalpy_vap:calculating temperature dependency at 23.000000 degrees
2018-07-21 01:57:07:INFO:evap:calculate_daily_fluxes:enthalpy of vaporization set to 2.446687 MJ/kg
2018-07-21 01:57:07:DEBUG:evap:elv2pres:estimating atmospheric pressure at 142.000000 m
2018-07-21 01:57:07:DEBUG:evap:density_h2o:calculating density of water at temperature 23.000000 Celcius and pressure 99630.833086 Pa
2018-07-21 01:57:07:INFO:evap:density_h2o:water density at 1 atm calculated as 0.997538 kg/m^3
2018-07-21 01:57:07:INFO:evap:density_h2o:bulk modulus at 1 atm calculated as 21986.475246 bar
2018-07-21 01:57:07:INFO:evap:density_h2o:temperature coef, Ca, calculated as 3.334359
2018-07-21 01:57:07:INFO:evap:density_h2o:temperature coef, Cb, calculated as -0.000029 bar^-1
2018-07-21 01:57:07:INFO:evap:density_h2o:atmospheric pressure calculated as 0.996308 bar
2018-07-21 01:57:07:INFO:evap:calculate_daily_fluxes:density of water set to 997.583620 kg/m^3
2018-07-21 01:57:07:DEBUG:evap:elv2pres:estimating atmospheric pressure at 142.000000 m
2018-07-21 01:57:07:DEBUG:evap:psychro:calculating psychrometric constant at temperature 23.000000 Celcius and pressure 99630.833086 Pa
2018-07-21 01:57:07:INFO:evap:psychro:specific heat capacity calculated as 1019.565493 J/kg/K
2018-07-21 01:57:07:DEBUG:evap:enthalpy_vap:calculating temperature dependency at 23.000000 degrees
2018-07-21 01:57:07:INFO:evap:psychro:enthalpy of vaporization calculated as 2.446687 MJ/kg
2018-07-21 01:57:07:INFO:evap:calculate_daily_fluxes:psychrometric constant set to 66.729719 Pa/K
2018-07-21 01:57:07:INFO:evap:calculate_daily_fluxes:Econ set to 0.294167 mm^3/J
2018-07-21 01:57:07:INFO:evap:calculate_daily_fluxes:daily condensation set to 0.885192 mm
2018-07-21 01:57:07:INFO:evap:calculate_daily_fluxes:daily EET set to 6.405468 mm
2018-07-21 01:57:07:INFO:evap:calculate_daily_fluxes:daily PET set to 8.070889 mm
2018-07-21 01:57:07:INFO:evap:calculate_daily_fluxes:variable substitute, rx, set to 0.001334
2018-07-21 01:57:07:INFO:evap:calculate_daily_fluxes:intersection hour angle, hi, set to 62.374881
2018-07-21 01:57:07:DEBUG:root:dsin:calculating sine of 101.217016 degrees
2018-07-21 01:57:07:DEBUG:root:dsin:calculating sine of 62.374881 degrees
2018-07-21 01:57:07:INFO:evap:calculate_daily_fluxes:daily AET set to 5.748034 mm
2018-07-21 01:57:07:DEBUG:__main__:run_one_day:calculated soil moisture as 75.137158 mm
2018-07-21 01:57:07:DEBUG:__main__:run_one_day:soil moisture: 75.137158 mm
2018-07-21 01:57:07:DEBUG:__main__:run_one_day:excess runoff: 0.000000 mm
2018-07-21 01:58:40:INFO:__main__:__init__:Splash class called
2018-07-21 01:58:40:INFO:__main__:__init__:elevation set to 142.000000 m
2018-07-21 01:58:40:INFO:__main__:__init__:latitude set to 37.700 degrees
2018-07-21 01:58:40:INFO:evap:__init__:EVAP class called
2018-07-21 01:58:40:INFO:evap:__init__:elevation set to 142.000000 m
2018-07-21 01:58:40:INFO:solar:__init__:Solar class called
2018-07-21 01:58:40:INFO:solar:__init__:elevation set to 142.000 m
2018-07-21 01:58:40:INFO:solar:__init__:latitude set to 37.700 degrees
2018-07-21 01:58:40:DEBUG:evap:__init__:initialized solar class
2018-07-21 01:58:40:DEBUG:__main__:__init__:initialized EVAP class
2018-07-21 01:58:40:DEBUG:__main__:run_one_day:daily precipitation: 5.000000 mm
2018-07-21 01:58:40:DEBUG:__main__:run_one_day:evaporative supply rate: 0.525000 mm/h
2018-07-21 01:58:40:DEBUG:solar:julian_day:calculating Julian day
2018-07-21 01:58:40:DEBUG:solar:julian_day:calculating Julian day
2018-07-21 01:58:40:INFO:solar:calculate_daily_fluxes:calculating daily radiation fluxes for day 172 of 366 for year 2000 with sunshine fraction 1.000000 and air temperature 23.000000 Celcius
2018-07-21 01:58:40:DEBUG:solar:berger_tls:calculating heliocentric longitudes for day 172
2018-07-21 01:58:40:DEBUG:root:dsin:calculating sine of 283.000000 degrees
2018-07-21 01:58:40:DEBUG:root:dsin:calculating sine of 566.000000 degrees
2018-07-21 01:58:40:DEBUG:root:dsin:calculating sine of 849.000000 degrees
2018-07-21 01:58:40:DEBUG:solar:berger_tls:mean longitude for vernal equinox set to -1.859309
2018-07-21 01:58:40:DEBUG:solar:berger_tls:mean longitude for day of year set to 88.632494
2018-07-21 01:58:40:DEBUG:solar:berger_tls:mean anomaly set to -3.392353
2018-07-21 01:58:40:DEBUG:solar:berger_tls:true longitude set to 89.097934
2018-07-21 01:58:40:DEBUG:solar:berger_tls:true anomaly set to 166.097934
2018-07-21 01:58:40:INFO:solar:calculate_daily_fluxes:true anomaly, nu, set to 166.097934 degrees
2018-07-21 01:58:40:INFO:solar:calculate_daily_fluxes:true lon, lambda, set to 89.097934 degrees
2018-07-21 01:58:40:DEBUG:root:dcos:calculating cosine of 166.097934 degrees
2018-07-21 01:58:40:INFO:solar:calculate_daily_fluxes:relative Earth-Sun distance, rho, set to 1.016194
2018-07-21 01:58:40:INFO:solar:calculate_daily_fluxes:distance factor, dr, set to 0.968381
2018-07-21 01:58:40:DEBUG:root:dsin:calculating sine of 89.097934 degrees
2018-07-21 01:58:40:DEBUG:root:dsin:calculating sine of 23.440000 degrees
2018-07-21 01:58:40:INFO:solar:calculate_daily_fluxes:declination, delta, set to 23.436921
2018-07-21 01:58:40:DEBUG:root:dsin:calculating sine of 23.436921 degrees
2018-07-21 01:58:40:DEBUG:root:dsin:calculating sine of 37.700000 degrees
2018-07-21 01:58:40:DEBUG:root:dcos:calculating cosine of 23.436921 degrees
2018-07-21 01:58:40:DEBUG:root:dcos:calculating cosine of 37.700000 degrees
2018-07-21 01:58:40:INFO:solar:calculate_daily_fluxes:variable substitute, ru, set to 0.243228
2018-07-21 01:58:40:INFO:solar:calculate_daily_fluxes:variable substitute, rv, set to 0.725946
2018-07-21 01:58:40:INFO:solar:calculate_daily_fluxes:sunset angle, hs, set to 109.575573
2018-07-21 01:58:40:DEBUG:root:dsin:calculating sine of 109.575573 degrees
2018-07-21 01:58:40:INFO:solar:calculate_daily_fluxes:daily ET radiation set to 41.646763 MJ/m^2
2018-07-21 01:58:40:INFO:solar:calculate_daily_fluxes:base transmitivity set to 0.750000
2018-07-21 01:58:40:INFO:solar:calculate_daily_fluxes:transmitivity set to 0.752844
2018-07-21 01:58:40:INFO:solar:calculate_daily_fluxes:daily PPFD set to 62.042300 mol/m^2
2018-07-21 01:58:40:INFO:solar:calculate_daily_fluxes:net longwave radiation set to 84.000000 W/m^2
2018-07-21 01:58:40:INFO:solar:calculate_daily_fluxes:variable substitute, rw, set to 823.423931
2018-07-21 01:58:40:INFO:solar:calculate_daily_fluxes:cross-over hour angle set to 101.217016
2018-07-21 01:58:40:DEBUG:root:dsin:calculating sine of 101.217016 degrees
2018-07-21 01:58:40:INFO:solar:calculate_daily_fluxes:daytime net radiation set to 21.774953 MJ/m^2
2018-07-21 01:58:40:DEBUG:root:dsin:calculating sine of 109.575573 degrees
2018-07-21 01:58:40:DEBUG:root:dsin:calculating sine of 101.217016 degrees
2018-07-21 01:58:40:INFO:solar:calculate_daily_fluxes:nighttime net radiation set to -3.009150 MJ/m^2
2018-07-21 01:58:40:INFO:evap:calculate_daily_fluxes:calculating daily evaporative fluxes for day 172 of 366 for year 2000 with sunshine fraction 1.000000, air temperature 23.000000 Celcius, and supply rate 0.525000
2018-07-21 01:58:40:DEBUG:evap:sat_slope:calculating temperature dependency at 23.000000 degrees
2018-07-21 01:58:40:INFO:evap:calculate_daily_fluxes:slope of saturation, s, set to 169.896093 Pa/K
2018-07-21 01:58:40:DEBUG:evap:enthalpy_vap:calculating temperature dependency at 23.000000 degrees
2018-07-21 01:58:40:INFO:evap:calculate_daily_fluxes:enthalpy of vaporization set to 2.446687 MJ/kg
2018-07-21 01:58:40:DEBUG:evap:elv2pres:estimating atmospheric pressure at 142.000000 m
2018-07-21 01:58:40:DEBUG:evap:density_h2o:calculating density of water at temperature 23.000000 Celcius and pressure 99630.833086 Pa
2018-07-21 01:58:40:INFO:evap:density_h2o:water density at 1 atm calculated as 0.997538 kg/m^3
2018-07-21 01:58:40:INFO:evap:density_h2o:bulk modulus at 1 atm calculated as 21986.475246 bar
2018-07-21 01:58:40:INFO:evap:density_h2o:temperature coef, Ca, calculated as 3.334359
2018-07-21 01:58:40:INFO:evap:density_h2o:temperature coef, Cb, calculated as -0.000029 bar^-1
2018-07-21 01:58:40:INFO:evap:density_h2o:atmospheric pressure calculated as 0.996308 bar
2018-07-21 01:58:40:INFO:evap:calculate_daily_fluxes:density of water set to 997.583620 kg/m^3
2018-07-21 01:58:40:DEBUG:evap:elv2pres:estimating atmospheric pressure at 142.000000 m
2018-07-21 01:58:40:DEBUG:evap:psychro:calculating psychrometric constant at temperature 23.000000 Celcius and pressure 99630.833086 Pa
2018-07-21 01:58:40:INFO:evap:psychro:specific heat capacity calculated as 1019.565493 J/kg/K
2018-07-21 01:58:40:DEBUG:evap:enthalpy_vap:calculating temperature dependency at 23.000000 degrees
2018-07-21 01:58:40:INFO:evap:psychro:enthalpy of vaporization calculated as 2.446687 MJ/kg
2018-07-21 01:58:40:INFO:evap:calculate_daily_fluxes:psychrometric constant set to 66.729719 Pa/K
2018-07-21 01:58:40:INFO:evap:calculate_daily_fluxes:Econ set to 0.294167 mm^3/J
2018-07-21 01:58:40:INFO:evap:calculate_daily_fluxes:daily condensation set to 0.885192 mm
2018-07-21 01:58:40:INFO:evap:calculate_daily_fluxes:daily EET set to 6.405468 mm
2018-07-21 01:58:40:INFO:evap:calculate_daily_fluxes:daily PET set to 8.070889 mm
2018-07-21 01:58:40:INFO:evap:calculate_daily_fluxes:variable substitute, rx, set to 0.001334
2018-07-21 01:58:40:INFO:evap:calculate_daily_fluxes:intersection hour angle, hi, set to 62.374881
2018-07-21 01:58:40:DEBUG:root:dsin:calculating sine of 101.217016 degrees
2018-07-21 01:58:40:DEBUG:root:dsin:calculating sine of 62.374881 degrees
2018-07-21 01:58:40:INFO:evap:calculate_daily_fluxes:daily AET set to 5.748034 mm
2018-07-21 01:58:40:DEBUG:__main__:run_one_day:calculated soil moisture as 75.137158 mm
2018-07-21 01:58:40:DEBUG:__main__:run_one_day:soil moisture: 75.137158 mm
2018-07-21 01:58:40:DEBUG:__main__:run_one_day:excess runoff: 0.000000 mm
2018-07-21 01:59:43:INFO:__main__:__init__:Splash class called
2018-07-21 01:59:43:INFO:__main__:__init__:elevation set to 142.000000 m
2018-07-21 01:59:43:INFO:__main__:__init__:latitude set to 37.700 degrees
2018-07-21 01:59:43:INFO:evap:__init__:EVAP class called
2018-07-21 01:59:43:INFO:evap:__init__:elevation set to 142.000000 m
2018-07-21 01:59:43:INFO:solar:__init__:Solar class called
2018-07-21 01:59:43:INFO:solar:__init__:elevation set to 142.000 m
2018-07-21 01:59:43:INFO:solar:__init__:latitude set to 37.700 degrees
2018-07-21 01:59:43:DEBUG:evap:__init__:initialized solar class
2018-07-21 01:59:43:DEBUG:__main__:__init__:initialized EVAP class
2018-07-21 01:59:43:DEBUG:__main__:run_one_day:daily precipitation: 5.000000 mm
2018-07-21 01:59:43:DEBUG:__main__:run_one_day:evaporative supply rate: 0.525000 mm/h
2018-07-21 01:59:43:DEBUG:solar:julian_day:calculating Julian day
2018-07-21 01:59:43:DEBUG:solar:julian_day:calculating Julian day
2018-07-21 01:59:43:INFO:solar:calculate_daily_fluxes:calculating daily radiation fluxes for day 172 of 366 for year 2000 with sunshine fraction 1.000000 and air temperature 23.000000 Celcius
2018-07-21 01:59:43:DEBUG:solar:berger_tls:calculating heliocentric longitudes for day 172
2018-07-21 01:59:43:DEBUG:root:dsin:calculating sine of 283.000000 degrees
2018-07-21 01:59:43:DEBUG:root:dsin:calculating sine of 566.000000 degrees
2018-07-21 01:59:43:DEBUG:root:dsin:calculating sine of 849.000000 degrees
2018-07-21 01:59:43:DEBUG:solar:berger_tls:mean longitude for vernal equinox set to -1.859309
2018-07-21 01:59:43:DEBUG:solar:berger_tls:mean longitude for day of year set to 88.632494
2018-07-21 01:59:43:DEBUG:solar:berger_tls:mean anomaly set to -3.392353
2018-07-21 01:59:43:DEBUG:solar:berger_tls:true longitude set to 89.097934
2018-07-21 01:59:43:DEBUG:solar:berger_tls:true anomaly set to 166.097934
2018-07-21 01:59:43:INFO:solar:calculate_daily_fluxes:true anomaly, nu, set to 166.097934 degrees
2018-07-21 01:59:43:INFO:solar:calculate_daily_fluxes:true lon, lambda, set to 89.097934 degrees
2018-07-21 01:59:43:DEBUG:root:dcos:calculating cosine of 166.097934 degrees
2018-07-21 01:59:43:INFO:solar:calculate_daily_fluxes:relative Earth-Sun distance, rho, set to 1.016194
2018-07-21 01:59:43:INFO:solar:calculate_daily_fluxes:distance factor, dr, set to 0.968381
2018-07-21 01:59:43:DEBUG:root:dsin:calculating sine of 89.097934 degrees
2018-07-21 01:59:43:DEBUG:root:dsin:calculating sine of 23.440000 degrees
2018-07-21 01:59:43:INFO:solar:calculate_daily_fluxes:declination, delta, set to 23.436921
2018-07-21 01:59:43:DEBUG:root:dsin:calculating sine of 23.436921 degrees
2018-07-21 01:59:43:DEBUG:root:dsin:calculating sine of 37.700000 degrees
2018-07-21 01:59:43:DEBUG:root:dcos:calculating cosine of 23.436921 degrees
2018-07-21 01:59:43:DEBUG:root:dcos:calculating cosine of 37.700000 degrees
2018-07-21 01:59:43:INFO:solar:calculate_daily_fluxes:variable substitute, ru, set to 0.243228
2018-07-21 01:59:43:INFO:solar:calculate_daily_fluxes:variable substitute, rv, set to 0.725946
2018-07-21 01:59:43:INFO:solar:calculate_daily_fluxes:sunset angle, hs, set to 109.575573
2018-07-21 01:59:43:DEBUG:root:dsin:calculating sine of 109.575573 degrees
2018-07-21 01:59:43:INFO:solar:calculate_daily_fluxes:daily ET radiation set to 41.646763 MJ/m^2
2018-07-21 01:59:43:INFO:solar:calculate_daily_fluxes:base transmitivity set to 0.750000
2018-07-21 01:59:43:INFO:solar:calculate_daily_fluxes:transmitivity set to 0.752844
2018-07-21 01:59:43:INFO:solar:calculate_daily_fluxes:daily PPFD set to 62.042300 mol/m^2
2018-07-21 01:59:43:INFO:solar:calculate_daily_fluxes:net longwave radiation set to 84.000000 W/m^2
2018-07-21 01:59:43:INFO:solar:calculate_daily_fluxes:variable substitute, rw, set to 823.423931
2018-07-21 01:59:43:INFO:solar:calculate_daily_fluxes:cross-over hour angle set to 101.217016
2018-07-21 01:59:43:DEBUG:root:dsin:calculating sine of 101.217016 degrees
2018-07-21 01:59:43:INFO:solar:calculate_daily_fluxes:daytime net radiation set to 21.774953 MJ/m^2
2018-07-21 01:59:43:DEBUG:root:dsin:calculating sine of 109.575573 degrees
2018-07-21 01:59:43:DEBUG:root:dsin:calculating sine of 101.217016 degrees
2018-07-21 01:59:43:INFO:solar:calculate_daily_fluxes:nighttime net radiation set to -3.009150 MJ/m^2
2018-07-21 01:59:43:INFO:evap:calculate_daily_fluxes:calculating daily evaporative fluxes for day 172 of 366 for year 2000 with sunshine fraction 1.000000, air temperature 23.000000 Celcius, and supply rate 0.525000
2018-07-21 01:59:43:DEBUG:evap:sat_slope:calculating temperature dependency at 23.000000 degrees
2018-07-21 01:59:43:INFO:evap:calculate_daily_fluxes:slope of saturation, s, set to 169.896093 Pa/K
2018-07-21 01:59:43:DEBUG:evap:enthalpy_vap:calculating temperature dependency at 23.000000 degrees
2018-07-21 01:59:43:INFO:evap:calculate_daily_fluxes:enthalpy of vaporization set to 2.446687 MJ/kg
2018-07-21 01:59:43:DEBUG:evap:elv2pres:estimating atmospheric pressure at 142.000000 m
2018-07-21 01:59:43:DEBUG:evap:density_h2o:calculating density of water at temperature 23.000000 Celcius and pressure 99630.833086 Pa
2018-07-21 01:59:43:INFO:evap:density_h2o:water density at 1 atm calculated as 0.997538 kg/m^3
2018-07-21 01:59:43:INFO:evap:density_h2o:bulk modulus at 1 atm calculated as 21986.475246 bar
2018-07-21 01:59:43:INFO:evap:density_h2o:temperature coef, Ca, calculated as 3.334359
2018-07-21 01:59:43:INFO:evap:density_h2o:temperature coef, Cb, calculated as -0.000029 bar^-1
2018-07-21 01:59:43:INFO:evap:density_h2o:atmospheric pressure calculated as 0.996308 bar
2018-07-21 01:59:43:INFO:evap:calculate_daily_fluxes:density of water set to 997.583620 kg/m^3
2018-07-21 01:59:43:DEBUG:evap:elv2pres:estimating atmospheric pressure at 142.000000 m
2018-07-21 01:59:43:DEBUG:evap:psychro:calculating psychrometric constant at temperature 23.000000 Celcius and pressure 99630.833086 Pa
2018-07-21 01:59:43:INFO:evap:psychro:specific heat capacity calculated as 1019.565493 J/kg/K
2018-07-21 01:59:43:DEBUG:evap:enthalpy_vap:calculating temperature dependency at 23.000000 degrees
2018-07-21 01:59:43:INFO:evap:psychro:enthalpy of vaporization calculated as 2.446687 MJ/kg
2018-07-21 01:59:43:INFO:evap:calculate_daily_fluxes:psychrometric constant set to 66.729719 Pa/K
2018-07-21 01:59:43:INFO:evap:calculate_daily_fluxes:Econ set to 0.294167 mm^3/J
2018-07-21 01:59:43:INFO:evap:calculate_daily_fluxes:daily condensation set to 0.885192 mm
2018-07-21 01:59:43:INFO:evap:calculate_daily_fluxes:daily EET set to 6.405468 mm
2018-07-21 01:59:43:INFO:evap:calculate_daily_fluxes:daily PET set to 8.070889 mm
2018-07-21 01:59:43:INFO:evap:calculate_daily_fluxes:variable substitute, rx, set to 0.001334
2018-07-21 01:59:43:INFO:evap:calculate_daily_fluxes:intersection hour angle, hi, set to 62.374881
2018-07-21 01:59:43:DEBUG:root:dsin:calculating sine of 101.217016 degrees
2018-07-21 01:59:43:DEBUG:root:dsin:calculating sine of 62.374881 degrees
2018-07-21 01:59:43:INFO:evap:calculate_daily_fluxes:daily AET set to 5.748034 mm
2018-07-21 01:59:43:DEBUG:__main__:run_one_day:calculated soil moisture as 75.137158 mm
2018-07-21 01:59:43:DEBUG:__main__:run_one_day:soil moisture: 75.137158 mm
2018-07-21 01:59:43:DEBUG:__main__:run_one_day:excess runoff: 0.000000 mm
2018-07-21 02:02:06:INFO:__main__:__init__:Splash class called
2018-07-21 02:02:06:INFO:__main__:__init__:elevation set to 142.000000 m
2018-07-21 02:02:06:INFO:__main__:__init__:latitude set to 37.700 degrees
2018-07-21 02:02:06:INFO:evap:__init__:EVAP class called
2018-07-21 02:02:06:INFO:evap:__init__:elevation set to 142.000000 m
2018-07-21 02:02:06:INFO:solar:__init__:Solar class called
2018-07-21 02:02:06:INFO:solar:__init__:elevation set to 142.000 m
2018-07-21 02:02:06:INFO:solar:__init__:latitude set to 37.700 degrees
2018-07-21 02:02:06:DEBUG:evap:__init__:initialized solar class
2018-07-21 02:02:06:DEBUG:__main__:__init__:initialized EVAP class
2018-07-21 02:02:06:DEBUG:__main__:run_one_day:daily precipitation: 5.000000 mm
2018-07-21 02:02:06:DEBUG:__main__:run_one_day:evaporative supply rate: 0.525000 mm/h
2018-07-21 02:02:06:DEBUG:solar:julian_day:calculating Julian day
2018-07-21 02:02:06:DEBUG:solar:julian_day:calculating Julian day
2018-07-21 02:02:06:INFO:solar:calculate_daily_fluxes:calculating daily radiation fluxes for day 172 of 366 for year 2000 with sunshine fraction 1.000000 and air temperature 23.000000 Celcius
2018-07-21 02:02:06:DEBUG:solar:berger_tls:calculating heliocentric longitudes for day 172
2018-07-21 02:02:06:DEBUG:root:dsin:calculating sine of 283.000000 degrees
2018-07-21 02:02:06:DEBUG:root:dsin:calculating sine of 566.000000 degrees
2018-07-21 02:02:06:DEBUG:root:dsin:calculating sine of 849.000000 degrees
2018-07-21 02:02:06:DEBUG:solar:berger_tls:mean longitude for vernal equinox set to -1.859309
2018-07-21 02:02:06:DEBUG:solar:berger_tls:mean longitude for day of year set to 88.632494
2018-07-21 02:02:06:DEBUG:solar:berger_tls:mean anomaly set to -3.392353
2018-07-21 02:02:06:DEBUG:solar:berger_tls:true longitude set to 89.097934
2018-07-21 02:02:06:DEBUG:solar:berger_tls:true anomaly set to 166.097934
2018-07-21 02:02:06:INFO:solar:calculate_daily_fluxes:true anomaly, nu, set to 166.097934 degrees
2018-07-21 02:02:06:INFO:solar:calculate_daily_fluxes:true lon, lambda, set to 89.097934 degrees
2018-07-21 02:02:06:DEBUG:root:dcos:calculating cosine of 166.097934 degrees
2018-07-21 02:02:06:INFO:solar:calculate_daily_fluxes:relative Earth-Sun distance, rho, set to 1.016194
2018-07-21 02:02:06:INFO:solar:calculate_daily_fluxes:distance factor, dr, set to 0.968381
2018-07-21 02:02:06:DEBUG:root:dsin:calculating sine of 89.097934 degrees
2018-07-21 02:02:06:DEBUG:root:dsin:calculating sine of 23.440000 degrees
2018-07-21 02:02:06:INFO:solar:calculate_daily_fluxes:declination, delta, set to 23.436921
2018-07-21 02:02:06:DEBUG:root:dsin:calculating sine of 23.436921 degrees
2018-07-21 02:02:06:DEBUG:root:dsin:calculating sine of 37.700000 degrees
2018-07-21 02:02:06:DEBUG:root:dcos:calculating cosine of 23.436921 degrees
2018-07-21 02:02:06:DEBUG:root:dcos:calculating cosine of 37.700000 degrees
2018-07-21 02:02:06:INFO:solar:calculate_daily_fluxes:variable substitute, ru, set to 0.243228
2018-07-21 02:02:06:INFO:solar:calculate_daily_fluxes:variable substitute, rv, set to 0.725946
2018-07-21 02:02:06:INFO:solar:calculate_daily_fluxes:sunset angle, hs, set to 109.575573
2018-07-21 02:02:06:DEBUG:root:dsin:calculating sine of 109.575573 degrees
2018-07-21 02:02:06:INFO:solar:calculate_daily_fluxes:daily ET radiation set to 41.646763 MJ/m^2
2018-07-21 02:02:06:INFO:solar:calculate_daily_fluxes:base transmitivity set to 0.750000
2018-07-21 02:02:06:INFO:solar:calculate_daily_fluxes:transmitivity set to 0.752844
2018-07-21 02:02:06:INFO:solar:calculate_daily_fluxes:daily PPFD set to 62.042300 mol/m^2
2018-07-21 02:02:06:INFO:solar:calculate_daily_fluxes:net longwave radiation set to 84.000000 W/m^2
2018-07-21 02:02:06:INFO:solar:calculate_daily_fluxes:variable substitute, rw, set to 823.423931
2018-07-21 02:02:06:INFO:solar:calculate_daily_fluxes:cross-over hour angle set to 101.217016
2018-07-21 02:02:06:DEBUG:root:dsin:calculating sine of 101.217016 degrees
2018-07-21 02:02:06:INFO:solar:calculate_daily_fluxes:daytime net radiation set to 21.774953 MJ/m^2
2018-07-21 02:02:06:DEBUG:root:dsin:calculating sine of 109.575573 degrees
2018-07-21 02:02:06:DEBUG:root:dsin:calculating sine of 101.217016 degrees
2018-07-21 02:02:06:INFO:solar:calculate_daily_fluxes:nighttime net radiation set to -3.009150 MJ/m^2
2018-07-21 02:02:06:INFO:evap:calculate_daily_fluxes:calculating daily evaporative fluxes for day 172 of 366 for year 2000 with sunshine fraction 1.000000, air temperature 23.000000 Celcius, and supply rate 0.525000
2018-07-21 02:02:06:DEBUG:evap:sat_slope:calculating temperature dependency at 23.000000 degrees
2018-07-21 02:02:06:INFO:evap:calculate_daily_fluxes:slope of saturation, s, set to 169.896093 Pa/K
2018-07-21 02:02:06:DEBUG:evap:enthalpy_vap:calculating temperature dependency at 23.000000 degrees
2018-07-21 02:02:06:INFO:evap:calculate_daily_fluxes:enthalpy of vaporization set to 2.446687 MJ/kg
2018-07-21 02:02:06:DEBUG:evap:elv2pres:estimating atmospheric pressure at 142.000000 m
2018-07-21 02:02:06:DEBUG:evap:density_h2o:calculating density of water at temperature 23.000000 Celcius and pressure 99630.833086 Pa
2018-07-21 02:02:06:INFO:evap:density_h2o:water density at 1 atm calculated as 0.997538 kg/m^3
2018-07-21 02:02:06:INFO:evap:density_h2o:bulk modulus at 1 atm calculated as 21986.475246 bar
2018-07-21 02:02:06:INFO:evap:density_h2o:temperature coef, Ca, calculated as 3.334359
2018-07-21 02:02:06:INFO:evap:density_h2o:temperature coef, Cb, calculated as -0.000029 bar^-1
2018-07-21 02:02:06:INFO:evap:density_h2o:atmospheric pressure calculated as 0.996308 bar
2018-07-21 02:02:06:INFO:evap:calculate_daily_fluxes:density of water set to 997.583620 kg/m^3
2018-07-21 02:02:06:DEBUG:evap:elv2pres:estimating atmospheric pressure at 142.000000 m
2018-07-21 02:02:06:DEBUG:evap:psychro:calculating psychrometric constant at temperature 23.000000 Celcius and pressure 99630.833086 Pa
2018-07-21 02:02:06:INFO:evap:psychro:specific heat capacity calculated as 1019.565493 J/kg/K
2018-07-21 02:02:06:DEBUG:evap:enthalpy_vap:calculating temperature dependency at 23.000000 degrees
2018-07-21 02:02:06:INFO:evap:psychro:enthalpy of vaporization calculated as 2.446687 MJ/kg
2018-07-21 02:02:06:INFO:evap:calculate_daily_fluxes:psychrometric constant set to 66.729719 Pa/K
2018-07-21 02:02:06:INFO:evap:calculate_daily_fluxes:Econ set to 0.294167 mm^3/J
2018-07-21 02:02:06:INFO:evap:calculate_daily_fluxes:daily condensation set to 0.885192 mm
2018-07-21 02:02:06:INFO:evap:calculate_daily_fluxes:daily EET set to 6.405468 mm
2018-07-21 02:02:06:INFO:evap:calculate_daily_fluxes:daily PET set to 8.070889 mm
2018-07-21 02:02:06:INFO:evap:calculate_daily_fluxes:variable substitute, rx, set to 0.001334
2018-07-21 02:02:06:INFO:evap:calculate_daily_fluxes:intersection hour angle, hi, set to 62.374881
2018-07-21 02:02:06:DEBUG:root:dsin:calculating sine of 101.217016 degrees
2018-07-21 02:02:06:DEBUG:root:dsin:calculating sine of 62.374881 degrees
2018-07-21 02:02:06:INFO:evap:calculate_daily_fluxes:daily AET set to 5.748034 mm
2018-07-21 02:02:06:DEBUG:__main__:run_one_day:calculated soil moisture as 75.137158 mm
2018-07-21 02:02:06:DEBUG:__main__:run_one_day:soil moisture: 75.137158 mm
2018-07-21 02:02:06:DEBUG:__main__:run_one_day:excess runoff: 0.000000 mm
